2023-01-20 09:20:17,840 Hostname : iZc7v01fkk074kdecovqqiZ was added on the ECS
2023-01-20 09:20:17,845 Hostname : iZc7v01fkk074kdcdnrordZ was added on the ECS
2023-01-20 09:20:17,848 Hostname : iZc7v01n9i0cp7yltxm9acZ was added on the ECS
2023-01-20 09:20:17,850 Hostname : iZc7v01jf2xumr0045bxziZ was added on the ECS
2023-01-20 09:20:17,852 Hostname : iZc7v01fkk0745h9od300yZ was added on the ECS
2023-01-20 09:20:17,855 Hostname : iZc7v01jf2xumcr5zyeis5Z was added on the ECS
2023-01-20 09:20:17,861 Hostname : iZc7v01fkk0745grx32i8vZ was added on the ECS
2023-01-20 09:20:17,864 Hostname : iZc7v01fkk0745grx32i8uZ was added on the ECS
2023-01-20 09:20:17,867 Hostname : iZc7v01fkk0745grx32i8tZ was added on the ECS
2023-01-20 09:20:17,869 Hostname : iZc7v01hvlu14kx9pa5czmZ was added on the ECS
2023-01-20 09:20:17,871 Hostname : iZc7v01jf2xumb50k5waypZ was added on the ECS
2023-01-20 09:20:17,873 Hostname : iZc7v01hvlu14hvnjgvmbuZ was added on the ECS
2023-01-20 09:20:17,876 Hostname : iZc7v01jf2xum9p03u08dkZ was added on the ECS
2023-01-20 09:20:17,878 Hostname : iZc7v01n9i0coqi4ij1245Z was added on the ECS
2023-01-20 09:20:17,881 Hostname : iZc7v01jf2xulyy06losk3Z was added on the ECS
2023-01-20 09:20:17,884 Hostname : iZc7v01jf2xulyw15hmtg1Z was added on the ECS
2023-01-20 09:20:17,887 Hostname : iZc7v01n9i0coeaaji4q2vZ was added on the ECS
2023-01-20 09:20:17,890 Hostname : iZxulxbmuoqctiZ was added on the ECS
2023-01-20 09:20:17,893 Hostname : iZc7v01fkk073m0fw5tdilZ was added on the ECS
2023-01-20 09:20:17,896 Hostname : iZc7v01jf2xultaa8q0u9zZ was added on the ECS
2023-01-20 09:20:17,898 Hostname : iZc7v01hvlu13tbxl4qw42Z was added on the ECS
2023-01-20 09:20:17,902 Hostname : iZc7v01jf2xuljvgnnpms5Z was added on the ECS
2023-01-20 09:20:17,904 Hostname : iZc7v01fkk0737j7w8nk2sZ was added on the ECS
2023-01-20 09:20:17,907 Hostname : iZc7v01hvlu13izkh5i3pqZ was added on the ECS
2023-01-20 09:20:17,909 Hostname : iZc7v01hvlu13ba0sn48mtZ was added on the ECS
2023-01-20 09:20:17,912 Hostname : iZc7v01hvlu13ba0sn48msZ was added on the ECS
2023-01-20 09:20:17,915 Hostname : iZc7v01hvlu13ba0sn48mrZ was added on the ECS
2023-01-20 09:20:17,918 Hostname : iZc7v01hvlu13ba0sn48mqZ was added on the ECS
2023-01-20 09:20:17,921 Hostname : iZc7v01hvlu13ba0sn48mpZ was added on the ECS
2023-01-20 09:20:17,923 Hostname : iZc7v01hvlu13ba0sn48moZ was added on the ECS
2023-01-20 09:20:17,926 Hostname : iZc7v01hvlu13ba0sn48mnZ was added on the ECS
2023-01-20 09:20:17,929 Hostname : iZc7v01fkk072v8n9o4h9xZ was added on the ECS
2023-01-20 09:20:17,932 Hostname : iZc7v01fkk072p0df77y8jZ was added on the ECS
2023-01-20 09:20:17,935 Hostname : iZc7v01fkk072ojviwbfnoZ was added on the ECS
2023-01-20 09:20:17,938 Hostname : iZc7v01fkk072mkiknnzs2Z was added on the ECS
2023-01-20 09:20:17,941 Hostname : iZc7v01hvlu13212bvuwi9Z was added on the ECS
2023-01-20 09:20:17,944 Hostname : iZc7v01n9i0cnab3exfvwjZ was added on the ECS
2023-01-20 09:20:17,949 Hostname : iZc7v01hvlu131i7l940zqZ was added on the ECS
2023-01-20 09:20:17,955 Hostname : iZc7v01fkk072m1hwxkybzZ was added on the ECS
2023-01-20 09:20:17,961 Hostname : iZc7v01fkk072m1hwxkybyZ was added on the ECS
2023-01-20 09:20:17,966 Hostname : iZc7v01fkk072m1hwxkybxZ was added on the ECS
2023-01-20 09:20:17,973 Hostname : iZc7v01fkk072m1hwxkybwZ was added on the ECS
2023-01-20 09:20:17,982 Hostname : iZc7v01fkk072m1hwxkybvZ was added on the ECS
2023-01-20 09:20:17,988 Hostname : iZc7v01fkk072m1hwxkybuZ was added on the ECS
2023-01-20 09:20:17,995 Hostname : iZc7v01hvlu131hzp4nt39Z was added on the ECS
2023-01-20 09:20:18,001 Hostname : iZc7v01n9i0cna9w08yog0Z was added on the ECS
2023-01-20 09:20:18,006 Hostname : iZc7v01jf2xuktbaagod5uZ was added on the ECS
2023-01-20 09:20:18,013 Hostname : iZc7v01fkk072m1bzu8sehZ was added on the ECS
2023-01-20 09:20:18,019 Hostname : iZc7v01hvlu131hvr2fp50Z was added on the ECS
2023-01-20 09:20:18,026 Hostname : iZc7v01jf2xuktb6ceg97kZ was added on the ECS
2023-01-20 09:20:18,032 Hostname : iZc7v01n9i0cna9s26qkhrZ was added on the ECS
2023-01-20 09:20:18,038 Hostname : iZc7v01fkk072m124ooiivZ was added on the ECS
2023-01-20 09:20:18,047 Hostname : iZc7v01fkk072m105nkgjqZ was added on the ECS
2023-01-20 09:20:18,054 Hostname : iZc7v01n9i0cna9i716am6Z was added on the ECS
2023-01-20 09:20:18,058 Hostname : iZc7v01hvlu131hhxunbb7Z was added on the ECS
2023-01-20 09:20:18,064 Hostname : iZc7v01hvlu131gu9hanluZ was added on the ECS
2023-01-20 09:20:18,071 Hostname : iZc7v01hvlu131gu9hanltZ was added on the ECS
2023-01-20 09:20:18,076 Hostname : iZc7v01n9i0cna8qklliykZ was added on the ECS
2023-01-20 09:20:18,084 Hostname : iZc7v01hvlu131gsag6lmoZ was added on the ECS
2023-01-20 09:20:18,091 Hostname : iZc7v01n9i0cna8olkhgzfZ was added on the ECS
2023-01-20 09:20:18,099 Hostname : iZc7v01n9i0cn4ouqvter5Z was added on the ECS
2023-01-20 09:20:18,105 Hostname : iZc7v01hvlu12qndjuwq7qZ was added on the ECS
2023-01-20 09:20:18,112 Hostname : iZc7v01jf2xukigq481c9dZ was added on the ECS
2023-01-20 09:20:18,118 Hostname : iZc7v01n9i0cmz6m43exgkZ was added on the ECS
2023-01-20 09:20:18,124 Hostname : iZc7v01jf2xukhg05ikknzZ was added on the ECS
2023-01-20 09:20:18,130 Hostname : iZc7v01jf2xukhg05ikknyZ was added on the ECS
2023-01-20 09:20:18,136 Hostname : iZc7v01jf2xukhg05ikknxZ was added on the ECS
2023-01-20 09:20:18,143 Hostname : iZc7v01jf2xukhg05ikknwZ was added on the ECS
2023-01-20 09:20:18,149 Hostname : iZc7v01jf2xukhg05ikknvZ was added on the ECS
2023-01-20 09:20:18,156 Hostname : iZc7v01n9i0cmyehx8ms1qZ was added on the ECS
2023-01-20 09:20:18,162 Hostname : iZc7v01n9i0cmyehx8ms1pZ was added on the ECS
2023-01-20 09:20:18,169 Hostname : iZc7v01hvlu12pmjn37uojZ was added on the ECS
2023-01-20 09:20:18,174 Hostname : iZc7v01n9i0cmyehx8ms1oZ was added on the ECS
2023-01-20 09:20:18,180 Hostname : iZc7v01n9i0cmyehx8ms1nZ was added on the ECS
2023-01-20 09:20:18,186 Hostname : iZc7v01n9i0cmyehx8ms1mZ was added on the ECS
2023-01-20 09:20:18,191 Hostname : iZc7v01hvlu12pm7swjittZ was added on the ECS
2023-01-20 09:20:18,196 Hostname : iZc7v01hvlu12pm7swjitsZ was added on the ECS
2023-01-20 09:20:18,201 Hostname : iZc7v01hvlu12pm7swjitrZ was added on the ECS
2023-01-20 09:20:18,206 Hostname : iZc7v01hvlu12pm7swjitqZ was added on the ECS
2023-01-20 09:20:18,211 Hostname : iZc7v01hvlu12pm7swjitpZ was added on the ECS
2023-01-20 09:20:18,217 Hostname : iZc7v01hvlu12pm7swjitoZ was added on the ECS
2023-01-20 09:20:18,223 Hostname : iZc7v01hvlu12pm7swjitnZ was added on the ECS
2023-01-20 09:20:18,228 Hostname : iZc7v01hvlu12pm7swjitmZ was added on the ECS
2023-01-20 09:20:18,235 Hostname : iZc7v01hvlu12pm7swjitlZ was added on the ECS
2023-01-20 09:20:18,242 Hostname : iZc7v01hvlu12pm7swjitkZ was added on the ECS
2023-01-20 09:20:18,248 Hostname : iZc7v01hvlu12pm7swjitjZ was added on the ECS
2023-01-20 09:20:18,258 Hostname : iZc7v01n9i0cmye05yma9hZ was added on the ECS
2023-01-20 09:20:18,264 Hostname : iZc7v01n9i0cmye05yma9gZ was added on the ECS
2023-01-20 09:20:18,270 Hostname : iZc7v01n9i0cmy1cdtllxcZ was added on the ECS
2023-01-20 09:20:18,277 Hostname : iZc7v01n9i0cmy1cdtllxbZ was added on the ECS
2023-01-20 09:20:18,285 Hostname : iZc7v01n9i0cmy1cdtllxaZ was added on the ECS
2023-01-20 09:20:18,291 Hostname : iZc7v01n9i0cmy1cdtllx9Z was added on the ECS
2023-01-20 09:20:18,297 Hostname : iZc7v01n9i0cmy1cdtllx8Z was added on the ECS
2023-01-20 09:20:18,302 Hostname : iZc7v01n9i0cmy1cdtllx7Z was added on the ECS
2023-01-20 09:20:18,309 Hostname : iZc7v01fkk072440xy2piiZ was added on the ECS
2023-01-20 09:20:18,315 Hostname : iZc7v01n9i0cmscizbojk9Z was added on the ECS
2023-01-20 09:20:18,320 Hostname : iZc7v01fkk07243yywynjdZ was added on the ECS
2023-01-20 09:20:18,327 Hostname : iZc7v01n9i0cmrb7b9z69fZ was added on the ECS
2023-01-20 09:20:18,334 Hostname : iZc7v01n9i0cmkocml414sZ was added on the ECS
2023-01-20 09:20:18,342 Hostname : iZc7v01fkk071wdfrujs4sZ was added on the ECS
2023-01-20 09:20:18,347 Hostname : iZc7v01jf2xuk3lyro1xhqZ was added on the ECS
2023-01-20 09:20:18,354 Hostname : iZc7v01hvlu129wvh3pht1Z was added on the ECS
2023-01-20 09:20:18,359 Hostname : iZc7v01hvlu129wvh3pht0Z was added on the ECS
2023-01-20 09:20:18,364 Hostname : iZc7v01hvlu129wvh3phszZ was added on the ECS
2023-01-20 09:20:18,370 Hostname : iZc7v01fkk071ug3tr2d5bZ was added on the ECS
2023-01-20 09:20:18,377 Hostname : iZc7v01fkk071ug3tr2d5aZ was added on the ECS
2023-01-20 09:20:18,383 Hostname : iZc7v01fkk071ug3tr2d59Z was added on the ECS
2023-01-20 09:20:18,389 Hostname : iZc7v01hvlu129wlly57xdZ was added on the ECS
2023-01-20 09:20:18,395 Hostname : iZc7v01hvlu129wlly57xcZ was added on the ECS
2023-01-20 09:20:18,400 Hostname : iZc7v01fkk071ug1upyb64Z was added on the ECS
2023-01-20 09:20:18,408 Hostname : iZc7v01hvlu126mbp92suwZ was added on the ECS
2023-01-20 09:20:18,413 Hostname : iZc7v01jf2xujuZ was added on the ECS
2023-01-20 09:20:18,419 Hostname : iZc7v01jf2xujswk2c01z9Z was added on the ECS
2023-01-20 09:20:18,426 Hostname : iZc7v01fkk071exxyzzj38Z was added on the ECS
2023-01-20 09:20:18,431 Hostname : iZ0cm269rz95bmZ was added on the ECS
2023-01-20 09:20:18,440 Hostname : iZc7v01n9i0clvvj54a4sxZ was added on the ECS
2023-01-20 09:20:18,446 Hostname : iZc7v01jf2xujax0467pzzZ was added on the ECS
2023-01-20 09:20:18,452 Hostname : iZc7v01n9i0clcird7cisxZ was added on the ECS
2023-01-20 09:20:18,458 Hostname : iZc7v01fkk070oa9btqp0bZ was added on the ECS
2023-01-20 09:20:18,466 Hostname : iZc7v01n9i0clcilg40cvkZ was added on the ECS
2023-01-20 09:20:18,473 Hostname : iZc7v01fkk070o9plim594Z was added on the ECS
2023-01-20 09:20:18,481 Hostname : iZc7v01fkk06zvb3okya2iZ was added on the ECS
2023-01-20 09:20:18,485 Hostname : iZc7v01jf2xuhi6iqzufl4Z was added on the ECS
2023-01-20 09:20:18,490 Hostname : iZc7v01hvlu0zejj8lzop6Z was added on the ECS
2023-01-20 09:20:18,496 Hostname : iZc7v01jf2xuh6cvsz4aejZ was added on the ECS
2023-01-20 09:20:18,501 Hostname : iZc7v01jf2xuh6cruww6gaZ was added on the ECS
2023-01-20 09:20:18,508 Hostname : iZc7v01hvlu0zejfajrkqxZ was added on the ECS
2023-01-20 09:20:18,513 Hostname : iZc7v01fkk06yz2jp4wc0jZ was added on the ECS
2023-01-20 09:20:18,520 Hostname : iZc7v01jf2xuh6ce1p3smgZ was added on the ECS
2023-01-20 09:20:18,527 Hostname : iZc7v01jf2xugzn0ll258uZ was added on the ECS
2023-01-20 09:20:18,535 Hostname : iZc7v01jf2xugzn0ll258vZ was added on the ECS
2023-01-20 09:20:18,540 Hostname : iZc7v01hvlu0xtgcnoe5emZ was added on the ECS
2023-01-20 09:20:18,550 Hostname : iZc7v01jf2xufl9p81ir5yZ was added on the ECS
2023-01-20 09:20:18,556 Hostname : iZc7v01fkk06wzjsb7ilquZ was added on the ECS
2023-01-20 09:20:18,563 Hostname : iZc7v01fkk06wzjsb7ilqvZ was added on the ECS
2023-01-20 09:20:18,568 Hostname : iZc7v01hvlu0xf0c2fpin4Z was added on the ECS
2023-01-20 09:20:18,572 Hostname : iZc7v01hvlu0xf0c2fpin5Z was added on the ECS
2023-01-20 09:20:18,582 Hostname : iZc7v01fkk06wzissnhm6qZ was added on the ECS
2023-01-20 09:20:18,589 Hostname : iZc7v01jf2xuf6sl66l0whZ was added on the ECS
2023-01-20 09:20:18,596 Hostname : iZc7v01jf2xuf6cyudhdw7Z was added on the ECS
2023-01-20 09:20:18,603 Hostname : iZc7v01fkk06wrg1loyicyZ was added on the ECS
2023-01-20 09:20:18,609 Hostname : iZc7v059znmzhkn1atgajnZ was added on the ECS
2023-01-20 09:20:18,615 Hostname : iZc7v059znmzhkn1atgajmZ was added on the ECS
2023-01-20 09:20:18,620 Hostname : iZc7v05q54hv2mZ was added on the ECS
2023-01-20 09:20:18,626 Hostname : iZc7v059znmzei68j9qx7uZ was added on the ECS
2023-01-20 09:20:18,633 Hostname : iZc7v059znmzei68j9qx7tZ was added on the ECS
2023-01-20 09:20:18,639 Hostname : iZc7v05q54hv1u2d0lp6zmZ was added on the ECS
2023-01-20 09:20:18,646 Hostname : iZc7v059znlu4yzptsftzxZ was added on the ECS
2023-01-20 09:20:18,654 Hostname : iZc7v059znlu4xkut3wwvpZ was added on the ECS
2023-01-20 09:20:18,660 Hostname : iZc7v059znlu4xkut3wwvoZ was added on the ECS
2023-01-20 09:20:18,665 Hostname : iZc7v059znlu4xkf0v0h2rZ was added on the ECS
2023-01-20 09:20:18,669 Hostname : iZc7v059znlu4xkf0v0h2qZ was added on the ECS
2023-01-20 09:20:18,674 Hostname : iZc7v05rohpduaz1910gbgZ was added on the ECS
2023-01-20 09:20:18,679 Hostname : iZc7v05rohpduaz1910gbfZ was added on the ECS
2023-01-20 09:20:18,686 Hostname : iZc7v05rohpduaz1910gbeZ was added on the ECS
2023-01-20 09:20:18,691 Hostname : iZc7v05rohpduaz1910gbdZ was added on the ECS
2023-01-20 09:20:18,695 Hostname : iZc7v05rohpduaz1910gbcZ was added on the ECS
2023-01-20 09:20:18,701 Hostname : iZc7v05rohpduaz1910gbbZ was added on the ECS
2023-01-20 09:20:18,705 Hostname : iZc7v05rohpduaz1910gbaZ was added on the ECS
2023-01-20 09:20:18,708 Hostname : iZc7v05rohpdu9f8nkclfdZ was added on the ECS
2023-01-20 09:20:18,711 Hostname : iZc7v05rohpdu9f8nkclfcZ was added on the ECS
2023-01-20 09:20:18,714 Hostname : iZc7v05rohpdu9f8nkclfbZ was added on the ECS
2023-01-20 09:20:18,717 Hostname : iZc7v05rohpdu9f8nkclfaZ was added on the ECS
2023-01-20 09:20:18,720 Hostname : iZc7v05rohpdu9f8nkclf9Z was added on the ECS
2023-01-20 09:20:18,724 Hostname : iZc7v05rohpdu9f8nkclf8Z was added on the ECS
2023-01-20 09:20:18,729 Hostname : iZc7v05rohpdu9f8nkclf7Z was added on the ECS
2023-01-20 09:20:18,731 Hostname : iZc7v059znmzeeoiadd1tmZ was added on the ECS
2023-01-20 09:20:18,735 Hostname : iZc7v059znmzeeoiadd1tlZ was added on the ECS
2023-01-20 09:20:18,737 Hostname : iZc7v059znmzeeoiadd1tkZ was added on the ECS
2023-01-20 09:20:18,740 Hostname : iZc7v05rohpdu8x5jd6hk9Z was added on the ECS
2023-01-20 09:20:18,742 Hostname : iZc7v05rohpdu8x5jd6hk8Z was added on the ECS
2023-01-20 09:20:18,746 Hostname : iZc7v05rohpdu8x5jd6hk7Z was added on the ECS
2023-01-20 09:20:18,749 Hostname : iZc7v05q54hv1aoxkbeyvhZ was added on the ECS
2023-01-20 09:20:18,753 Hostname : iZc7v05q54hv1aoxkbeyvgZ was added on the ECS
2023-01-20 09:20:18,756 Hostname : iZc7v05q54hv1aovlaawwbZ was added on the ECS
2023-01-20 09:20:18,760 Hostname : iZc7v05q54hv1aovlaawwaZ was added on the ECS
2023-01-20 09:20:18,762 Hostname : iZc7v059znlu4fmadi5lwzZ was added on the ECS
2023-01-20 09:20:18,767 Hostname : iZc7v059znlu4fmadi5lwyZ was added on the ECS
2023-01-20 09:20:18,771 Hostname : iZc7v059znlu4fmadi5lwxZ was added on the ECS
2023-01-20 09:20:18,776 Hostname : iZc7v059znmzdyrzhirvhhZ was added on the ECS
2023-01-20 09:20:18,780 Hostname : iZc7v059znmzdyrzhirvhgZ was added on the ECS
2023-01-20 09:20:18,786 Hostname : iZc7v059znmzdyrzhirvhfZ was added on the ECS
2023-01-20 09:20:18,790 Hostname : iZc7v059znlu4fm6ffxhyoZ was added on the ECS
2023-01-20 09:20:18,795 Hostname : iZc7v059znlu4fm6ffxhynZ was added on the ECS
2023-01-20 09:20:18,801 Hostname : iZc7v059znlu4fm6ffxhymZ was added on the ECS
2023-01-20 09:20:18,806 Hostname : iZc7v05rohpdtt0snlxh6uZ was added on the ECS
2023-01-20 09:20:18,813 Hostname : iZc7v05rohpdtt0snlxh6tZ was added on the ECS
2023-01-20 09:20:18,818 Hostname : iZc7v05rohpdtt0snlxh6sZ was added on the ECS
2023-01-20 09:20:18,823 Hostname : iZc7v059znmzdypska9ogmZ was added on the ECS
2023-01-20 09:20:18,827 Hostname : iZc7v059znmzdypska9oglZ was added on the ECS
2023-01-20 09:20:18,839 Hostname : iZc7v05rohpdtsypofne48Z was added on the ECS
2023-01-20 09:20:18,845 Hostname : iZc7v05rohpdtsypofne47Z was added on the ECS
2023-01-20 09:20:18,850 Hostname : iZc7v05rohpdtsypofne46Z was added on the ECS
2023-01-20 09:20:18,857 Hostname : iZc7v05rohpdtrfcv7vyxlZ was added on the ECS
2023-01-20 09:20:18,865 Hostname : iZc7v05rohpdtrfcv7vyxkZ was added on the ECS
2023-01-20 09:20:18,871 Hostname : iZc7v05rohpdtrfcv7vyxjZ was added on the ECS
2023-01-20 09:20:18,876 Hostname : iZc7v05rohpdtrfaw6rwydZ was added on the ECS
2023-01-20 09:20:18,884 Hostname : iZc7v05rohpdtrfaw6rwycZ was added on the ECS
2023-01-20 09:20:18,889 Hostname : iZc7v05rohpdtrfaw6rwybZ was added on the ECS
2023-01-20 09:20:18,896 Hostname : iZc7v05rohpdtrf8x5nuz6Z was added on the ECS
2023-01-20 09:20:18,901 Hostname : iZc7v05rohpdtrf8x5nuz5Z was added on the ECS
2023-01-20 09:20:18,909 Hostname : iZc7v05rohpdtrf8x5nuz4Z was added on the ECS
2023-01-20 09:20:18,916 Hostname : iZc7v059znmzdx61xupvgjZ was added on the ECS
2023-01-20 09:20:18,923 Hostname : iZc7v059znmzdx61xupvgiZ was added on the ECS
2023-01-20 09:20:18,929 Hostname : iZc7v05q54hv192s4iwqxpZ was added on the ECS
2023-01-20 09:20:18,936 Hostname : iZc7v05q54hv192s4iwqxoZ was added on the ECS
2023-01-20 09:20:18,943 Hostname : iZc7v05q54hv192m7fkl0bZ was added on the ECS
2023-01-20 09:20:18,949 Hostname : iZc7v05q54hv192m7fkl0aZ was added on the ECS
2023-01-20 09:20:18,956 Hostname : iZc7v05q54hv192m7fkl09Z was added on the ECS
2023-01-20 09:20:18,962 Hostname : iZc7v05rohpdtrep6ujb7zZ was added on the ECS
2023-01-20 09:20:18,969 Hostname : iZc7v05rohpdtrep6ujb7yZ was added on the ECS
2023-01-20 09:20:18,975 Hostname : iZc7v05q54hv17hw2fzsidZ was added on the ECS
2023-01-20 09:20:18,983 Hostname : iZc7v059znmzdoyn19m4drZ was added on the ECS
2023-01-20 09:20:18,989 Hostname : iZc7v059znlu45so23fkx2Z was added on the ECS
2023-01-20 09:20:18,995 Hostname : iZc7v05q54hv10dnwyf9tpZ was added on the ECS
2023-01-20 09:20:19,002 Hostname : iZc7v059znmzdmcn79g0o0Z was added on the ECS
2023-01-20 09:20:19,009 Hostname : iZc7v05q54hv0v92kv2gswZ was added on the ECS
2023-01-20 09:20:19,016 Hostname : iZc7v059znmzd80yhgnq2sZ was added on the ECS
2023-01-20 09:20:19,021 Hostname : iZc7v059znmzd6lvknokzzZ was added on the ECS
2023-01-20 09:20:19,026 Hostname : iZc7v059znmzd2wyupjildZ was added on the ECS
2023-01-20 09:20:19,032 Hostname : iZc7v059znmzd2wwvofgm8Z was added on the ECS
2023-01-20 09:20:19,038 Hostname : iZc7v059znmzd2wwvofgm7Z was added on the ECS
2023-01-20 09:20:19,050 Hostname : iZc7v05rohpdsmj7x2i3x0Z was added on the ECS
2023-01-20 09:20:19,055 Hostname : iZc7v05rohpdsmj00y1w0iZ was added on the ECS
2023-01-20 09:20:19,060 Hostname : iZc7v059znmzcs3o26hr5vZ was added on the ECS
2023-01-20 09:20:19,067 Hostname : iZc7v05q54hv02lt3bpza3Z was added on the ECS
2023-01-20 09:20:19,072 Hostname : iZc7v05rohpdskazbtlrw0Z was added on the ECS
2023-01-20 09:20:19,077 Hostname : iZc7v05rohpdskazbtlrvzZ was added on the ECS
2023-01-20 09:20:19,083 Hostname : iZc7v05rohpdskazbtlrvyZ was added on the ECS
2023-01-20 09:20:19,089 Hostname : iZc7v05rohpdskazbtlrvxZ was added on the ECS
2023-01-20 09:20:19,096 Hostname : iZc7v05rohpdskazbtlrvwZ was added on the ECS
2023-01-20 09:20:19,102 Hostname : iZc7v05rohpdskazbtlrvvZ was added on the ECS
2023-01-20 09:20:19,110 Hostname : iZc7v05rohpdskazbtlrvuZ was added on the ECS
2023-01-20 09:20:19,117 Hostname : iZc7v059znmzcq18m7j8j8Z was added on the ECS
2023-01-20 09:20:19,124 Hostname : iZc7v059znmzcq18m7j8j7Z was added on the ECS
2023-01-20 09:20:19,134 Hostname : iZc7v059znlu36i24l7h1nZ was added on the ECS
2023-01-20 09:20:19,143 Hostname : iZc7v059znlu36i24l7h1mZ was added on the ECS
2023-01-20 09:20:19,150 Hostname : iZc7v059znmzcpi02czz5kZ was added on the ECS
2023-01-20 09:20:19,161 Hostname : iZc7v059znmzcpi02czz5jZ was added on the ECS
2023-01-20 09:20:19,168 Hostname : iZc7v059znmzcpi02czz5iZ was added on the ECS
2023-01-20 09:20:19,174 Hostname : iZc7v05rohpdsjr14klstoZ was added on the ECS
2023-01-20 09:20:19,181 Hostname : iZc7v05rohpdsjr14klstnZ was added on the ECS
2023-01-20 09:20:19,195 Hostname : iZc7v05rohpdsjr14klstmZ was added on the ECS
2023-01-20 09:20:19,211 Hostname : iZc7v05rohpdsjr14klstlZ was added on the ECS
2023-01-20 09:20:19,218 Hostname : iZc7v05rohpdsjr14klstkZ was added on the ECS
2023-01-20 09:20:19,225 Hostname : iZc7v05rohpdsjr14klstjZ was added on the ECS
2023-01-20 09:20:19,238 Hostname : iZc7v05rohpdsjqz5jhqudZ was added on the ECS
2023-01-20 09:20:19,251 Hostname : iZc7v059znmzcpfl901k8dZ was added on the ECS
2023-01-20 09:20:19,265 Hostname : iZc7v059znmzcpfl901k8cZ was added on the ECS
2023-01-20 09:20:19,276 Hostname : iZc7v05rohpdsjomb7ndwfZ was added on the ECS
2023-01-20 09:20:19,287 Hostname : iZc7v059znlu35unme41iqZ was added on the ECS
2023-01-20 09:20:19,299 Hostname : iZc7v059znlu35ujobvxkeZ was added on the ECS
2023-01-20 09:20:19,308 Hostname : iZc7v059znlu35qti8878dZ was added on the ECS
2023-01-20 09:20:19,320 Hostname : iZc7v059znlu35qti8878cZ was added on the ECS
2023-01-20 09:20:19,334 Hostname : iZc7v059znmzcgtxcdnj76Z was added on the ECS
2023-01-20 09:20:19,344 Hostname : iZc7v059znmzcfagl3o02rZ was added on the ECS
2023-01-20 09:20:19,355 Hostname : iZc7v05rohpds6v8x1hgzsZ was added on the ECS
2023-01-20 09:20:19,361 Hostname : iZc7v059znmzcajyby9ajkZ was added on the ECS
2023-01-20 09:20:19,373 Hostname : iZc7v05rohqii92rzbo15tZ was added on the ECS
2023-01-20 09:20:19,381 Hostname : iZc7v05rohqii92q0ajz6oZ was added on the ECS
2023-01-20 09:20:19,387 Hostname : iZc7v059znlu2qvifd49gkZ was added on the ECS
2023-01-20 09:20:19,393 Hostname : iZc7v05rohqii9059u9ebxZ was added on the ECS
2023-01-20 09:20:19,404 Hostname : iZc7v059znlu2qumuvbdunZ was added on the ECS
2023-01-20 09:20:19,410 Hostname : iZc7v059znlu2qumuvbdumZ was added on the ECS
2023-01-20 09:20:19,417 Hostname : iZc7v059znlu2qht5myjltZ was added on the ECS
2023-01-20 09:20:19,423 Hostname : iZc7v059znlu2qht5myjlsZ was added on the ECS
2023-01-20 09:20:19,429 Hostname : iZc7v059znlu2qht5myjlrZ was added on the ECS
2023-01-20 09:20:19,436 Hostname : iZc7v059znlu2qht5myjlqZ was added on the ECS
2023-01-20 09:20:19,443 Hostname : iZc7v059znlu2qht5myjlpZ was added on the ECS
2023-01-20 09:20:19,450 Hostname : iZc7v059znlu2qht5myjloZ was added on the ECS
2023-01-20 09:20:19,460 Hostname : iZc7v059znlu2qh1j7dry0Z was added on the ECS
2023-01-20 09:20:19,470 Hostname : iZc7v059znlu2qh1j7drxzZ was added on the ECS
2023-01-20 09:20:19,475 Hostname : iZc7v059znlu2qh1j7drxyZ was added on the ECS
2023-01-20 09:20:19,482 Hostname : iZc7v059znlu2qh1j7drxxZ was added on the ECS
2023-01-20 09:20:19,491 Hostname : iZc7v059znlu2qh1j7drxwZ was added on the ECS
2023-01-20 09:20:19,498 Hostname : iZc7v059znlu2qh1j7drxvZ was added on the ECS
